#
# There is insufficient memory for the Java Runtime Environment to continue.
# Native memory allocation (malloc) failed to allocate 1179376 bytes for Chunk::new
# Possible reasons:
#   The system is out of physical RAM or swap space
#   In 32 bit mode, the process size limit was hit
# Possible solutions:
#   Reduce memory load on the system
#   Increase physical memory or swap space
#   Check if swap backing store is full
#   Use 64 bit Java on a 64 bit OS
#   Decrease Java heap size (-Xmx/-Xms)
#   Decrease number of Java threads
#   Decrease Java thread stack sizes (-Xss)
#   Set larger code cache with -XX:ReservedCodeCacheSize=
# This output file may be truncated or incomplete.
#
#  Out of Memory Error (allocation.cpp:390), pid=14836, tid=0x0000000000003468
#
# JRE version: OpenJDK Runtime Environment (8.0_152-b01) (build 1.8.0_152-release-915-b01)
# Java VM: OpenJDK 64-Bit Server VM (25.152-b01 mixed mode windows-amd64 compressed oops)
# Failed to write core dump. Minidumps are not enabled by default on client versions of Windows
#

---------------  T H R E A D  ---------------

Current thread (0x0000000018af5000):  JavaThread "C2 CompilerThread0" daemon [_thread_in_native, id=13416, stack(0x00000000192c0000,0x00000000193c0000)]

Stack: [0x00000000192c0000,0x00000000193c0000]
[error occurred during error reporting (printing stack bounds), id 0xc0000005]

Native frames: (J=compiled Java code, j=interpreted, Vv=VM code, C=native code)


Current CompileTask:
C2: 447417 15853       4       org.gradle.api.internal.file.pattern.PatternMatcherFactory::compile (91 bytes)


---------------  P R O C E S S  ---------------

Java Threads: ( => current thread )
  0x000000001b065000 JavaThread "ForkJoinPool.commonPool-worker-6" daemon [_thread_blocked, id=8740, stack(0x000000002e200000,0x000000002e300000)]
  0x000000001b068800 JavaThread "ForkJoinPool.commonPool-worker-5" daemon [_thread_blocked, id=13520, stack(0x000000002e100000,0x000000002e200000)]
  0x000000001b065800 JavaThread "ForkJoinPool.commonPool-worker-4" daemon [_thread_blocked, id=6964, stack(0x000000002e000000,0x000000002e100000)]
  0x000000001b06b000 JavaThread "ForkJoinPool.commonPool-worker-3" daemon [_thread_blocked, id=1584, stack(0x000000002df00000,0x000000002e000000)]
  0x000000001b068000 JavaThread "ForkJoinPool.commonPool-worker-2" daemon [_thread_blocked, id=16676, stack(0x000000002de00000,0x000000002df00000)]
  0x000000001b067000 JavaThread "Cache worker for Java compile cache (C:\Users\Nikhil\AndroidStudioProjects\EYIC\.gradle\4.1\javaCompile)" [_thread_blocked, id=17628, stack(0x000000002dc00000,0x000000002dd00000)]
  0x000000001b06a000 JavaThread "Task worker for ':' Thread 7" [_thread_blocked, id=15552, stack(0x000000002a700000,0x000000002a800000)]
  0x0000000019f1c000 JavaThread "Task worker for ':' Thread 6" [_thread_blocked, id=3020, stack(0x000000002a600000,0x000000002a700000)]
  0x0000000019f1b000 JavaThread "Task worker for ':' Thread 5" [_thread_blocked, id=14012, stack(0x000000002a500000,0x000000002a600000)]
  0x0000000019f19800 JavaThread "Task worker for ':' Thread 4" [_thread_blocked, id=10444, stack(0x000000002a400000,0x000000002a500000)]
  0x0000000019f16800 JavaThread "Task worker for ':' Thread 3" [_thread_blocked, id=1088, stack(0x000000002a300000,0x000000002a400000)]
  0x000000001e3ea000 JavaThread "Task worker for ':' Thread 2" [_thread_blocked, id=18308, stack(0x000000002a200000,0x000000002a300000)]
  0x000000001e3e2800 JavaThread "Task worker for ':'" [_thread_in_native, id=13308, stack(0x000000002a100000,0x000000002a200000)]
  0x000000001e3e9800 JavaThread "Cache worker for task history cache (C:\Users\Nikhil\AndroidStudioProjects\EYIC\.gradle\4.1\taskHistory)" [_thread_blocked, id=3124, stack(0x000000002a000000,0x000000002a100000)]
  0x000000001e3e8800 JavaThread "Cache worker for file content cache (C:\Users\Nikhil\AndroidStudioProjects\EYIC\.gradle\4.1\fileContent)" [_thread_blocked, id=16240, stack(0x0000000029f00000,0x000000002a000000)]
  0x000000001e3e5800 JavaThread "build operations Thread 8" [_thread_blocked, id=3972, stack(0x0000000029e00000,0x0000000029f00000)]
  0x000000001e3e7000 JavaThread "build operations Thread 7" [_thread_blocked, id=12576, stack(0x0000000029d00000,0x0000000029e00000)]
  0x000000001e3e6800 JavaThread "build operations Thread 6" [_thread_blocked, id=5736, stack(0x0000000029c00000,0x0000000029d00000)]
  0x000000001e3db000 JavaThread "build operations Thread 5" [_thread_blocked, id=12328, stack(0x0000000029b00000,0x0000000029c00000)]
  0x000000001e3e2000 JavaThread "build operations Thread 4" [_thread_blocked, id=18420, stack(0x0000000029a00000,0x0000000029b00000)]
  0x000000001e3e1000 JavaThread "build operations Thread 3" [_thread_blocked, id=10372, stack(0x0000000029900000,0x0000000029a00000)]
  0x000000001e3e0800 JavaThread "build operations Thread 2" [_thread_blocked, id=19148, stack(0x0000000029800000,0x0000000029900000)]
  0x000000001e3df800 JavaThread "build operations" [_thread_blocked, id=16296, stack(0x0000000029700000,0x0000000029800000)]
  0x000000001e3df000 JavaThread "Cache worker for Artifact transforms cache (C:\Users\Nikhil\.gradle\caches\transforms-1)" [_thread_blocked, id=5504, stack(0x0000000029600000,0x0000000029700000)]
  0x000000001a8d6000 JavaThread "Cache worker for file hash cache (C:\Users\Nikhil\AndroidStudioProjects\EYIC\.gradle\4.1\fileHashes)" [_thread_blocked, id=10404, stack(0x0000000029500000,0x0000000029600000)]
  0x000000001a8da000 JavaThread "Asynchronous log dispatcher for DefaultDaemonConnection: socket connection from /127.0.0.1:58397 to /127.0.0.1:58444" [_thread_blocked, id=19392, stack(0x0000000029300000,0x0000000029400000)]
  0x000000001a8d9000 JavaThread "Daemon worker Thread 2" [_thread_blocked, id=2164, stack(0x0000000029200000,0x0000000029300000)]
  0x000000001a8d7000 JavaThread "Cancel handler" [_thread_blocked, id=18040, stack(0x0000000029100000,0x0000000029200000)]
  0x000000001a8d8800 JavaThread "Handler for socket connection from /127.0.0.1:58397 to /127.0.0.1:58444" [_thread_in_native, id=4028, stack(0x0000000029000000,0x0000000029100000)]
  0x000000001a8da800 JavaThread "Daemon Thread 2" [_thread_blocked, id=10272, stack(0x0000000028f00000,0x0000000029000000)]
  0x000000001e3e3800 JavaThread "Memory manager" [_thread_blocked, id=2696, stack(0x0000000023ac0000,0x0000000023bc0000)]
  0x000000001e3dc800 JavaThread "pool-1-thread-1" [_thread_blocked, id=13196, stack(0x00000000237c0000,0x00000000238c0000)]
  0x0000000019dc0000 JavaThread "File lock request listener" [_thread_in_native, id=14832, stack(0x000000001c5b0000,0x000000001c6b0000)]
  0x0000000018d28000 JavaThread "Cache worker for file hash cache (C:\Users\Nikhil\.gradle\caches\4.1\fileHashes)" [_thread_blocked, id=7592, stack(0x000000001c4b0000,0x000000001c5b0000)]
  0x000000001a01d000 JavaThread "Daemon periodic checks" [_thread_blocked, id=1768, stack(0x000000001bab0000,0x000000001bbb0000)]
  0x000000001a6aa800 JavaThread "Incoming local TCP Connector on port 58397" [_thread_in_native, id=17556, stack(0x000000001b5d0000,0x000000001b6d0000)]
  0x0000000018b92000 JavaThread "Service Thread" daemon [_thread_blocked, id=16172, stack(0x00000000196c0000,0x00000000197c0000)]
  0x0000000018b0b000 JavaThread "C1 CompilerThread3" daemon [_thread_blocked, id=2984, stack(0x00000000195c0000,0x00000000196c0000)]
  0x0000000018af9800 JavaThread "C2 CompilerThread2" daemon [_thread_blocked, id=3176, stack(0x00000000194c0000,0x00000000195c0000)]
  0x0000000018af6800 JavaThread "C2 CompilerThread1" daemon [_thread_blocked, id=2344, stack(0x00000000193c0000,0x00000000194c0000)]
=>0x0000000018af5000 JavaThread "C2 CompilerThread0" daemon [_thread_in_native, id=13416, stack(0x00000000192c0000,0x00000000193c0000)]
  0x0000000018af4000 JavaThread "Attach Listener" daemon [_thread_blocked, id=5480, stack(0x00000000191c0000,0x00000000192c0000)]
  0x0000000018b05800 JavaThread "Signal Dispatcher" daemon [_thread_blocked, id=7832, stack(0x00000000190c0000,0x00000000191c0000)]
  0x0000000018af0800 JavaThread "Finalizer" daemon [_thread_blocked, id=8904, stack(0x0000000018ed0000,0x0000000018fd0000)]
  0x00000000019d9000 JavaThread "Reference Handler" daemon [_thread_blocked, id=8308, stack(0x00000000189d0000,0x0000000018ad0000)]
  0x000000000134e000 JavaThread "main" [_thread_blocked, id=5208, stack(0x0000000001770000,0x0000000001870000)]

Other Threads:
  0x0000000016bf5800 VMThread [stack: 0x00000000188d0000,0x00000000189d0000] [id=18592]
  0x0000000018b92800 WatcherThread [stack: 0x00000000197c0000,0x00000000198c0000] [id=15616]

VM state:not at safepoint (normal execution)

VM Mutex/Monitor currently owned by a thread: None

Heap:
 PSYoungGen      total 156160K, used 109579K [0x00000000e0000000, 0x00000000ee280000, 0x0000000100000000)
  eden space 88576K, 76% used [0x00000000e0000000,0x00000000e42181f0,0x00000000e5680000)
  from space 67584K, 61% used [0x00000000e9b80000,0x00000000ec46ad80,0x00000000edd80000)
  to   space 70656K, 0% used [0x00000000e5680000,0x00000000e5680000,0x00000000e9b80000)
 ParOldGen       total 227840K, used 136354K [0x00000000a0000000, 0x00000000ade80000, 0x00000000e0000000)
  object space 227840K, 59% used [0x00000000a0000000,0x00000000a8528960,0x00000000ade80000)
 Metaspace       used 74886K, capacity 78298K, committed 78612K, reserved 1118208K
  class space    used 9618K, capacity 10461K, committed 10516K, reserved 1048576K

Card table byte_map: [0x0000000012400000,0x0000000012710000] byte_map_base: 0x0000000011f00000

Marking Bits: (ParMarkBitMap*) 0x000000005e003950
 Begin Bits: [0x0000000012f10000, 0x0000000014710000)
 End Bits:   [0x0000000014710000, 0x0000000015f10000)

Polling page: 0x0000000000e90000

CodeCache: size=245760Kb used=46588Kb max_used=46599Kb free=199171Kb
 bounds [0x0000000003400000, 0x00000000061c0000, 0x0000000012400000]
 total_blobs=14021 nmethods=13197 adapters=736
 compilation: enabled

Compilation events (10 events):
Event: 446.296 Thread 0x0000000018b0b000 nmethod 15854 0x00000000061b3090 code [0x00000000061b3340, 0x00000000061b4688]
Event: 446.297 Thread 0x0000000018af6800 15856       4       org.gradle.api.internal.file.DefaultFileVisitDetails::<init> (34 bytes)
Event: 446.297 Thread 0x0000000018b0b000 15857       2       org.gradle.api.internal.file.DefaultFileTreeElement::<init> (22 bytes)
Event: 446.298 Thread 0x0000000018b0b000 nmethod 15857 0x00000000061b5090 code [0x00000000061b51e0, 0x00000000061b5370]
Event: 446.298 Thread 0x0000000018b0b000 15858       2       org.gradle.api.internal.file.AbstractFileTreeElement::<init> (10 bytes)
Event: 446.298 Thread 0x0000000018b0b000 nmethod 15858 0x00000000061b5410 code [0x00000000061b5560, 0x00000000061b56d0]
Event: 446.299 Thread 0x0000000018af6800 nmethod 15856 0x0000000006074710 code [0x0000000006074840, 0x00000000060748f8]
Event: 446.302 Thread 0x0000000018af6800 15859       4       java.util.concurrent.ConcurrentLinkedQueue::add (6 bytes)
Event: 446.306 Thread 0x0000000018af6800 nmethod 15859 0x00000000061b6990 code [0x00000000061b6ae0, 0x00000000061b6cf8]
Event: 446.354 Thread 0x0000000018af9800 nmethod 15855 0x00000000061bc8d0 code [0x00000000061bcaa0, 0x00000000061bded8]

GC Heap History (10 events):
Event: 440.250 GC heap before
{Heap before GC invocations=51 (full 5):
 PSYoungGen      total 113152K, used 70144K [0x00000000e0000000, 0x00000000ee800000, 0x0000000100000000)
  eden space 70144K, 100% used [0x00000000e0000000,0x00000000e4480000,0x00000000e4480000)
  from space 43008K, 0% used [0x00000000e4480000,0x00000000e4480000,0x00000000e6e80000)
  to   space 76800K, 0% used [0x00000000e9d00000,0x00000000e9d00000,0x00000000ee800000)
 ParOldGen       total 227840K, used 136322K [0x00000000a0000000, 0x00000000ade80000, 0x00000000e0000000)
  object space 227840K, 59% used [0x00000000a0000000,0x00000000a8520960,0x00000000ade80000)
 Metaspace       used 73939K, capacity 77276K, committed 77716K, reserved 1116160K
  class space    used 9510K, capacity 10328K, committed 10388K, reserved 1048576K
Event: 440.255 GC heap after
Heap after GC invocations=51 (full 5):
 PSYoungGen      total 146432K, used 2792K [0x00000000e0000000, 0x00000000ee080000, 0x0000000100000000)
  eden space 77312K, 0% used [0x00000000e0000000,0x00000000e0000000,0x00000000e4b80000)
  from space 69120K, 4% used [0x00000000e9d00000,0x00000000e9fba2c8,0x00000000ee080000)
  to   space 76288K, 0% used [0x00000000e4b80000,0x00000000e4b80000,0x00000000e9600000)
 ParOldGen       total 227840K, used 136330K [0x00000000a0000000, 0x00000000ade80000, 0x00000000e0000000)
  object space 227840K, 59% used [0x00000000a0000000,0x00000000a8522960,0x00000000ade80000)
 Metaspace       used 73939K, capacity 77276K, committed 77716K, reserved 1116160K
  class space    used 9510K, capacity 10328K, committed 10388K, reserved 1048576K
}
Event: 440.718 GC heap before
{Heap before GC invocations=52 (full 5):
 PSYoungGen      total 146432K, used 80104K [0x00000000e0000000, 0x00000000ee080000, 0x0000000100000000)
  eden space 77312K, 100% used [0x00000000e0000000,0x00000000e4b80000,0x00000000e4b80000)
  from space 69120K, 4% used [0x00000000e9d00000,0x00000000e9fba2c8,0x00000000ee080000)
  to   space 76288K, 0% used [0x00000000e4b80000,0x00000000e4b80000,0x00000000e9600000)
 ParOldGen       total 227840K, used 136330K [0x00000000a0000000, 0x00000000ade80000, 0x00000000e0000000)
  object space 227840K, 59% used [0x00000000a0000000,0x00000000a8522960,0x00000000ade80000)
 Metaspace       used 74335K, capacity 77724K, committed 78100K, reserved 1116160K
  class space    used 9552K, capacity 10392K, committed 10516K, reserved 1048576K
Event: 440.726 GC heap after
Heap after GC invocations=52 (full 5):
 PSYoungGen      total 153600K, used 5824K [0x00000000e0000000, 0x00000000ee380000, 0x0000000100000000)
  eden space 77312K, 0% used [0x00000000e0000000,0x00000000e0000000,0x00000000e4b80000)
  from space 76288K, 7% used [0x00000000e4b80000,0x00000000e5130338,0x00000000e9600000)
  to   space 74240K, 0% used [0x00000000e9b00000,0x00000000e9b00000,0x00000000ee380000)
 ParOldGen       total 227840K, used 136338K [0x00000000a0000000, 0x00000000ade80000, 0x00000000e0000000)
  object space 227840K, 59% used [0x00000000a0000000,0x00000000a8524960,0x00000000ade80000)
 Metaspace       used 74335K, capacity 77724K, committed 78100K, reserved 1116160K
  class space    used 9552K, capacity 10392K, committed 10516K, reserved 1048576K
}
Event: 441.027 GC heap before
{Heap before GC invocations=53 (full 5):
 PSYoungGen      total 153600K, used 83136K [0x00000000e0000000, 0x00000000ee380000, 0x0000000100000000)
  eden space 77312K, 100% used [0x00000000e0000000,0x00000000e4b80000,0x00000000e4b80000)
  from space 76288K, 7% used [0x00000000e4b80000,0x00000000e5130338,0x00000000e9600000)
  to   space 74240K, 0% used [0x00000000e9b00000,0x00000000e9b00000,0x00000000ee380000)
 ParOldGen       total 227840K, used 136338K [0x00000000a0000000, 0x00000000ade80000, 0x00000000e0000000)
  object space 227840K, 59% used [0x00000000a0000000,0x00000000a8524960,0x00000000ade80000)
 Metaspace       used 74348K, capacity 77724K, committed 78100K, reserved 1116160K
  class space    used 9552K, capacity 10392K, committed 10516K, reserved 1048576K
Event: 441.040 GC heap after
Heap after GC invocations=53 (full 5):
 PSYoungGen      total 151552K, used 15377K [0x00000000e0000000, 0x00000000edc80000, 0x0000000100000000)
  eden space 84480K, 0% used [0x00000000e0000000,0x00000000e0000000,0x00000000e5280000)
  from space 67072K, 22% used [0x00000000e9b00000,0x00000000eaa04728,0x00000000edc80000)
  to   space 70656K, 0% used [0x00000000e5280000,0x00000000e5280000,0x00000000e9780000)
 ParOldGen       total 227840K, used 136338K [0x00000000a0000000, 0x00000000ade80000, 0x00000000e0000000)
  object space 227840K, 59% used [0x00000000a0000000,0x00000000a8524960,0x00000000ade80000)
 Metaspace       used 74348K, capacity 77724K, committed 78100K, reserved 1116160K
  class space    used 9552K, capacity 10392K, committed 10516K, reserved 1048576K
}
Event: 441.389 GC heap before
{Heap before GC invocations=54 (full 5):
 PSYoungGen      total 151552K, used 99857K [0x00000000e0000000, 0x00000000edc80000, 0x0000000100000000)
  eden space 84480K, 100% used [0x00000000e0000000,0x00000000e5280000,0x00000000e5280000)
  from space 67072K, 22% used [0x00000000e9b00000,0x00000000eaa04728,0x00000000edc80000)
  to   space 70656K, 0% used [0x00000000e5280000,0x00000000e5280000,0x00000000e9780000)
 ParOldGen       total 227840K, used 136338K [0x00000000a0000000, 0x00000000ade80000, 0x00000000e0000000)
  object space 227840K, 59% used [0x00000000a0000000,0x00000000a8524960,0x00000000ade80000)
 Metaspace       used 74400K, capacity 77788K, committed 78100K, reserved 1116160K
  class space    used 9552K, capacity 10392K, committed 10516K, reserved 1048576K
Event: 441.398 GC heap after
Heap after GC invocations=54 (full 5):
 PSYoungGen      total 155136K, used 12620K [0x00000000e0000000, 0x00000000edd80000, 0x0000000100000000)
  eden space 84480K, 0% used [0x00000000e0000000,0x00000000e0000000,0x00000000e5280000)
  from space 70656K, 17% used [0x00000000e5280000,0x00000000e5ed3068,0x00000000e9780000)
  to   space 67584K, 0% used [0x00000000e9b80000,0x00000000e9b80000,0x00000000edd80000)
 ParOldGen       total 227840K, used 136346K [0x00000000a0000000, 0x00000000ade80000, 0x00000000e0000000)
  object space 227840K, 59% used [0x00000000a0000000,0x00000000a8526960,0x00000000ade80000)
 Metaspace       used 74400K, capacity 77788K, committed 78100K, reserved 1116160K
  class space    used 9552K, capacity 10392K, committed 10516K, reserved 1048576K
}
Event: 442.623 GC heap before
{Heap before GC invocations=55 (full 5):
 PSYoungGen      total 155136K, used 97100K [0x00000000e0000000, 0x00000000edd80000, 0x0000000100000000)
  eden space 84480K, 100% used [0x00000000e0000000,0x00000000e5280000,0x00000000e5280000)
  from space 70656K, 17% used [0x00000000e5280000,0x00000000e5ed3068,0x00000000e9780000)
  to   space 67584K, 0% used [0x00000000e9b80000,0x00000000e9b80000,0x00000000edd80000)
 ParOldGen       total 227840K, used 136346K [0x00000000a0000000, 0x00000000ade80000, 0x00000000e0000000)
  object space 227840K, 59% used [0x00000000a0000000,0x00000000a8526960,0x00000000ade80000)
 Metaspace       used 74437K, capacity 77808K, committed 78100K, reserved 1116160K
  class space    used 9556K, capacity 10398K, committed 10516K, reserved 1048576K
Event: 442.644 GC heap after
Heap after GC invocations=55 (full 5):
 PSYoungGen      total 156160K, used 41899K [0x00000000e0000000, 0x00000000ee280000, 0x0000000100000000)
  eden space 88576K, 0% used [0x00000000e0000000,0x00000000e0000000,0x00000000e5680000)
  from space 67584K, 61% used [0x00000000e9b80000,0x00000000ec46ad80,0x00000000edd80000)
  to   space 70656K, 0% used [0x00000000e5680000,0x00000000e5680000,0x00000000e9b80000)
 ParOldGen       total 227840K, used 136354K [0x00000000a0000000, 0x00000000ade80000, 0x00000000e0000000)
  object space 227840K, 59% used [0x00000000a0000000,0x00000000a8528960,0x00000000ade80000)
 Metaspace       used 74437K, capacity 77808K, committed 78100K, reserved 1116160K
  class space    used 9556K, capacity 10398K, committed 10516K, reserved 1048576K
}

Deoptimization events (10 events):
Event: 441.263 Thread 0x000000001b068000 Uncommon trap: reason=class_check action=maybe_recompile pc=0x00000000054a8410 method=java.util.Formatter$FixedString.print(Ljava/lang/Object;Ljava/util/Locale;)V @ 11
Event: 441.264 Thread 0x000000001b068000 Uncommon trap: reason=class_check action=maybe_recompile pc=0x00000000054a8410 method=java.util.Formatter$FixedString.print(Ljava/lang/Object;Ljava/util/Locale;)V @ 11
Event: 441.264 Thread 0x000000001b068000 Uncommon trap: reason=class_check action=maybe_recompile pc=0x00000000054a8410 method=java.util.Formatter$FixedString.print(Ljava/lang/Object;Ljava/util/Locale;)V @ 11
Event: 441.264 Thread 0x000000001b068000 Uncommon trap: reason=class_check action=maybe_recompile pc=0x00000000054a8410 method=java.util.Formatter$FixedString.print(Ljava/lang/Object;Ljava/util/Locale;)V @ 11
Event: 442.119 Thread 0x000000001e3e2800 Uncommon trap: reason=unstable_if action=reinterpret pc=0x0000000006119d10 method=sun.misc.FloatingDecimal$BinaryToASCIIBuffer.dtoa(IJIZ)V @ 97
Event: 442.857 Thread 0x000000001e3e2800 Uncommon trap: reason=unstable_if action=reinterpret pc=0x0000000005338354 method=com.android.ide.common.blame.SourceFilePosition.equals(Ljava/lang/Object;)Z @ 2
Event: 445.175 Thread 0x000000001e3df000 Uncommon trap: reason=bimorphic action=maybe_recompile pc=0x0000000005b31860 method=org.gradle.internal.serialize.AbstractCollectionSerializer.read(Lorg/gradle/internal/serialize/Decoder;)Ljava/util/Collection; @ 33
Event: 445.175 Thread 0x000000001e3df000 Uncommon trap: reason=bimorphic action=maybe_recompile pc=0x0000000005b31860 method=org.gradle.internal.serialize.AbstractCollectionSerializer.read(Lorg/gradle/internal/serialize/Decoder;)Ljava/util/Collection; @ 33
Event: 445.175 Thread 0x000000001e3df000 Uncommon trap: reason=bimorphic action=maybe_recompile pc=0x0000000005b31860 method=org.gradle.internal.serialize.AbstractCollectionSerializer.read(Lorg/gradle/internal/serialize/Decoder;)Ljava/util/Collection; @ 33
Event: 445.175 Thread 0x000000001e3df000 Uncommon trap: reason=bimorphic action=maybe_recompile pc=0x0000000005b31860 method=org.gradle.internal.serialize.AbstractCollectionSerializer.read(Lorg/gradle/internal/serialize/Decoder;)Ljava/util/Collection; @ 33

Classes redefined (0 events):
No events

Internal exceptions (10 events):
Event: 436.535 Thread 0x000000001b065000 Exception <a 'sun/nio/fs/WindowsException'> (0x00000000e0ecf6c8) thrown at [D:\src\AOSP-openjdk-cygwin\jdk8u\hotspot\src\share\vm\prims\jni.cpp, line 709]
Event: 436.538 Thread 0x000000001b065000 Exception <a 'sun/nio/fs/WindowsException'> (0x00000000e0ee1c18) thrown at [D:\src\AOSP-openjdk-cygwin\jdk8u\hotspot\src\share\vm\prims\jni.cpp, line 709]
Event: 436.539 Thread 0x000000001b06b000 Exception <a 'sun/nio/fs/WindowsException'> (0x00000000e0eef790) thrown at [D:\src\AOSP-openjdk-cygwin\jdk8u\hotspot\src\share\vm\prims\jni.cpp, line 709]
Event: 436.550 Thread 0x000000001b065000 Exception <a 'sun/nio/fs/WindowsException'> (0x00000000e104a7c8) thrown at [D:\src\AOSP-openjdk-cygwin\jdk8u\hotspot\src\share\vm\prims\jni.cpp, line 709]
Event: 436.567 Thread 0x000000001b068000 Exception <a 'sun/nio/fs/WindowsException'> (0x00000000e1180b48) thrown at [D:\src\AOSP-openjdk-cygwin\jdk8u\hotspot\src\share\vm\prims\jni.cpp, line 709]
Event: 436.582 Thread 0x000000001b068000 Exception <a 'sun/nio/fs/WindowsException'> (0x00000000e1218be0) thrown at [D:\src\AOSP-openjdk-cygwin\jdk8u\hotspot\src\share\vm\prims\jni.cpp, line 709]
Event: 436.594 Thread 0x000000001b068000 Exception <a 'sun/nio/fs/WindowsException'> (0x00000000e12a23d8) thrown at [D:\src\AOSP-openjdk-cygwin\jdk8u\hotspot\src\share\vm\prims\jni.cpp, line 709]
Event: 439.709 Thread 0x000000001b068000 Implicit null exception at 0x0000000004c3e7e4 to 0x0000000004c3f445
Event: 440.401 Thread 0x000000001b068000 Implicit null exception at 0x000000000576aa8c to 0x000000000576aeed
Event: 440.405 Thread 0x000000001b068000 Implicit null exception at 0x0000000004752490 to 0x0000000004752725

Events (10 events):
Event: 445.175 Thread 0x000000001e3df000 DEOPT UNPACKING pc=0x000000000344556a sp=0x00000000296fe928 mode 2
Event: 445.175 Thread 0x000000001e3df000 Uncommon trap: trap_request=0xffffffc6 fr.pc=0x0000000005b31860
Event: 445.175 Thread 0x000000001e3df000 DEOPT PACKING pc=0x0000000005b31860 sp=0x00000000296fe940
Event: 445.175 Thread 0x000000001e3df000 DEOPT UNPACKING pc=0x000000000344556a sp=0x00000000296fe928 mode 2
Event: 445.175 Thread 0x000000001e3df000 Uncommon trap: trap_request=0xffffffc6 fr.pc=0x0000000005b31860
Event: 445.175 Thread 0x000000001e3df000 DEOPT PACKING pc=0x0000000005b31860 sp=0x00000000296fe940
Event: 445.175 Thread 0x000000001e3df000 DEOPT UNPACKING pc=0x000000000344556a sp=0x00000000296fe928 mode 2
Event: 445.175 Thread 0x000000001e3df000 Uncommon trap: trap_request=0xffffffc6 fr.pc=0x0000000005b31860
Event: 445.175 Thread 0x000000001e3df000 DEOPT PACKING pc=0x0000000005b31860 sp=0x00000000296fe940
Event: 445.175 Thread 0x000000001e3df000 DEOPT UNPACKING pc=0x000000000344556a sp=0x00000000296fe928 mode 2


Dynamic libraries:
0x00007ff6b2490000 - 0x00007ff6b24c1000 	C:\Program Files\Android\Android Studio\jre\bin\java.exe
0x00007ffbbdd30000 - 0x00007ffbbdf0b000 	C:\WINDOWS\SYSTEM32\ntdll.dll
0x00007ffbbbda0000 - 0x00007ffbbbe4e000 	C:\WINDOWS\System32\KERNEL32.DLL
0x00007ffbba430000 - 0x00007ffbba679000 	C:\WINDOWS\System32\KERNELBASE.dll
0x00007ffbbc490000 - 0x00007ffbbc531000 	C:\WINDOWS\System32\ADVAPI32.dll
0x00007ffbbbee0000 - 0x00007ffbbbf7d000 	C:\WINDOWS\System32\msvcrt.dll
0x00007ffbbb890000 - 0x00007ffbbb8e9000 	C:\WINDOWS\System32\sechost.dll
0x00007ffbbc360000 - 0x00007ffbbc485000 	C:\WINDOWS\System32\RPCRT4.dll
0x00007ffbbc150000 - 0x00007ffbbc29a000 	C:\WINDOWS\System32\USER32.dll
0x00007ffbba3c0000 - 0x00007ffbba3de000 	C:\WINDOWS\System32\win32u.dll
0x00007ffbbbeb0000 - 0x00007ffbbbed7000 	C:\WINDOWS\System32\GDI32.dll
0x00007ffbba850000 - 0x00007ffbba9d7000 	C:\WINDOWS\System32\gdi32full.dll
0x00007ffbba9e0000 - 0x00007ffbbaa7a000 	C:\WINDOWS\System32\msvcp_win.dll
0x00007ffbba2c0000 - 0x00007ffbba3b6000 	C:\WINDOWS\System32\ucrtbase.dll
0x00007ffbae9d0000 - 0x00007ffbaec37000 	C:\WINDOWS\WinSxS\amd64_microsoft.windows.common-controls_6595b64144ccf1df_6.0.15063.483_none_26002d27e7c744a2\COMCTL32.dll
0x00007ffbbb440000 - 0x00007ffbbb739000 	C:\WINDOWS\System32\combase.dll
0x00007ffbba250000 - 0x00007ffbba2ba000 	C:\WINDOWS\System32\bcryptPrimitives.dll
0x00007ffbbb7a0000 - 0x00007ffbbb7cd000 	C:\WINDOWS\System32\IMM32.DLL
0x000000005f460000 - 0x000000005f532000 	C:\Program Files\Android\Android Studio\jre\jre\bin\msvcr100.dll
0x000000005d840000 - 0x000000005e07e000 	C:\Program Files\Android\Android Studio\jre\jre\bin\server\jvm.dll
0x00007ffbbc800000 - 0x00007ffbbc808000 	C:\WINDOWS\System32\PSAPI.DLL
0x00007ffbb9370000 - 0x00007ffbb937a000 	C:\WINDOWS\SYSTEM32\VERSION.dll
0x00007ffbb8290000 - 0x00007ffbb82b3000 	C:\WINDOWS\SYSTEM32\WINMM.dll
0x00007ffbb8100000 - 0x00007ffbb812b000 	C:\WINDOWS\SYSTEM32\winmmbase.dll
0x00007ffb9e800000 - 0x00007ffb9e809000 	C:\WINDOWS\SYSTEM32\WSOCK32.dll
0x00007ffbba3e0000 - 0x00007ffbba429000 	C:\WINDOWS\System32\cfgmgr32.dll
0x00007ffbbb8f0000 - 0x00007ffbbb95c000 	C:\WINDOWS\System32\WS2_32.dll
0x00007ffbb4190000 - 0x00007ffbb419f000 	C:\Program Files\Android\Android Studio\jre\jre\bin\verify.dll
0x00007ffbaf800000 - 0x00007ffbaf829000 	C:\Program Files\Android\Android Studio\jre\jre\bin\java.dll
0x00007ffbaf9c0000 - 0x00007ffbaf9d6000 	C:\Program Files\Android\Android Studio\jre\jre\bin\zip.dll
0x00007ffbbc810000 - 0x00007ffbbdc47000 	C:\WINDOWS\System32\SHELL32.dll
0x00007ffbbc2b0000 - 0x00007ffbbc35a000 	C:\WINDOWS\System32\shcore.dll
0x00007ffbbab30000 - 0x00007ffbbb221000 	C:\WINDOWS\System32\windows.storage.dll
0x00007ffbbdcd0000 - 0x00007ffbbdd21000 	C:\WINDOWS\System32\shlwapi.dll
0x00007ffbba210000 - 0x00007ffbba221000 	C:\WINDOWS\System32\kernel.appcore.dll
0x00007ffbba1c0000 - 0x00007ffbba20c000 	C:\WINDOWS\System32\powrprof.dll
0x00007ffbba1a0000 - 0x00007ffbba1b5000 	C:\WINDOWS\System32\profapi.dll
0x00007ffbae5d0000 - 0x00007ffbae5ea000 	C:\Program Files\Android\Android Studio\jre\jre\bin\net.dll
0x00007ffbb9a50000 - 0x00007ffbb9aac000 	C:\WINDOWS\system32\mswsock.dll
0x00007ffbae040000 - 0x00007ffbae051000 	C:\Program Files\Android\Android Studio\jre\jre\bin\nio.dll
0x00007ffb9f890000 - 0x00007ffb9f8ae000 	C:\Users\Nikhil\.gradle\native\25\windows-amd64\native-platform.dll
0x00007ffbb7ff0000 - 0x00007ffbb7ffd000 	C:\Program Files\Android\Android Studio\jre\jre\bin\management.dll
0x00007ffbb9bf0000 - 0x00007ffbb9c07000 	C:\WINDOWS\SYSTEM32\CRYPTSP.dll
0x00007ffbb9670000 - 0x00007ffbb96a4000 	C:\WINDOWS\system32\rsaenh.dll
0x00007ffbb9d60000 - 0x00007ffbb9d85000 	C:\WINDOWS\SYSTEM32\bcrypt.dll
0x00007ffbba0a0000 - 0x00007ffbba0c9000 	C:\WINDOWS\SYSTEM32\USERENV.dll
0x00007ffbb9c10000 - 0x00007ffbb9c1b000 	C:\WINDOWS\SYSTEM32\CRYPTBASE.dll
0x00007ffbb97f0000 - 0x00007ffbb9827000 	C:\WINDOWS\SYSTEM32\IPHLPAPI.DLL
0x00007ffbbc2a0000 - 0x00007ffbbc2a8000 	C:\WINDOWS\System32\NSI.dll
0x00007ffbb5f30000 - 0x00007ffbb5f46000 	C:\WINDOWS\SYSTEM32\dhcpcsvc6.DLL
0x00007ffbb5f10000 - 0x00007ffbb5f2a000 	C:\WINDOWS\SYSTEM32\dhcpcsvc.DLL
0x00007ffbb92b0000 - 0x00007ffbb92e1000 	C:\WINDOWS\SYSTEM32\ntmarta.dll

VM Arguments:
jvm_args: -Xmx1536m -Dfile.encoding=windows-1252 -Duser.country=IN -Duser.language=en -Duser.variant 
java_command: org.gradle.launcher.daemon.bootstrap.GradleDaemon 4.1
java_class_path (initial): C:\Users\Nikhil\.gradle\wrapper\dists\gradle-4.1-all\bzyivzo6n839fup2jbap0tjew\gradle-4.1\lib\gradle-launcher-4.1.jar
Launcher Type: SUN_STANDARD

Environment Variables:
PATH=C:\ProgramData\Oracle\Java\javapath;C:\Python27\;C:\Python27\Scripts;c:\Program Files (x86)\Intel\iCLS Client\;c:\Program Files\Intel\iCLS Client\;%SystemRoot%\system32;%SystemRoot%;%SystemRoot%\System32\Wbem;%SYSTEMROOT%\System32\WindowsPowerShell\v1.0\;c:\Program Files (x86)\ATI Technologies\ATI.ACE\Core-Static;C:\Program Files (x86)\Intel\OpenCL SDK\3.0\bin\x86;C:\Program Files (x86)\Intel\OpenCL SDK\3.0\bin\x64;c:\Program Files\Intel\WiFi\bin\;c:\Program Files\Common Files\Intel\WirelessCommon\;C:\Program Files\Intel\Intel(R) Management Engine Components\DAL;C:\Program Files\Intel\Intel(R) Management Engine Components\IPT;C:\Program Files (x86)\Intel\Intel(R) Management Engine Components\DAL;C:\Program Files (x86)\Intel\Intel(R) Management Engine Components\IPT;C:\Program Files\Microsoft SQL Server\Client SDK\ODBC\110\Tools\Binn\;C:\Program Files (x86)\Microsoft SQL Server\120\Tools\Binn\;C:\Program Files\Microsoft SQL Server\120\Tools\Binn\;C:\Program Files\Microsoft SQL Server\120\DTS\Binn\;C:\Program Files (x86)\Microsoft SQL Server\120\Tools\Binn\ManagementStudio\;C:\Program Files (x86)\Microsoft SQL Server\120\DTS\Binn\;C:\Python27;C:\Program Files (x86)\OpenVPN\bin;C:\Program Files\PuTTY\;C:\Android;C:\Windows\System32;C:\Users\Nikhil\AppData\Local\Microsoft\WindowsApps;C:\Program Files\Microsoft VS Code\bin;C:\Users\Nikhil\AppData\Local\Google\Cloud SDK\google-cloud-sdk\bin
USERNAME=Nikhil
OS=Windows_NT
PROCESSOR_IDENTIFIER=Intel64 Family 6 Model 60 Stepping 3, GenuineIntel



---------------  S Y S T E M  ---------------

OS: Windows 10.0 , 64 bit Build 15063 (10.0.15063.296)

CPU:total 8 (initial active 8) (4 cores per cpu, 2 threads per core) family 6 model 60 stepping 3, cmov, cx8, fxsr, mmx, sse, sse2, sse3, ssse3, sse4.1, sse4.2, popcnt, avx, avx2, aes, clmul, erms, lzcnt, ht, tsc, tscinvbit, bmi1, bmi2

Memory: 4k page, physical 8266860k(582556k free), swap 12461164k(3956k free)

vm_info: OpenJDK 64-Bit Server VM (25.152-b01) for windows-amd64 JRE (1.8.0_152-release-915-b01), built by "builder" with MS VC++ 10.0 (VS2010)

time: Thu Feb 22 16:22:03 2018
elapsed time: 447 seconds (0d 0h 7m 27s)

